27 Nov 2022 23:41:21,668-main--DEBUG-freemarker.cache:Couldn't find template in cache for "spark/spark.spa.ftl"("en_US", UTF-8, parsed); will try to load it.
27 Nov 2022 23:41:21,672-main--DEBUG-freemarker.cache:TemplateLoader.findTemplateSource("spark/spark.spa_en_US.ftl"): Not found
27 Nov 2022 23:41:21,677-main--DEBUG-freemarker.cache:TemplateLoader.findTemplateSource("spark/spark.spa_en.ftl"): Not found
27 Nov 2022 23:41:21,678-main--DEBUG-freemarker.cache:TemplateLoader.findTemplateSource("spark/spark.spa.ftl"): Found
27 Nov 2022 23:41:21,679-main--DEBUG-freemarker.cache:Loading template for "spark/spark.spa.ftl"("en_US", UTF-8, parsed) from "jar:file:/home/user/.m2/repository/com/aventstack/extentreports/5.0.9/extentreports-5.0.9.jar!/com/aventstack/extentreports/templates/spark/spark.spa.ftl"
27 Nov 2022 23:41:21,784-main--DEBUG-freemarker.cache:Couldn't find template in cache for "commons/commons-variables.ftl"("en_US", UTF-8, parsed); will try to load it.
27 Nov 2022 23:41:21,785-main--DEBUG-freemarker.cache:TemplateLoader.findTemplateSource("commons/commons-variables_en_US.ftl"): Not found
27 Nov 2022 23:41:21,785-main--DEBUG-freemarker.cache:TemplateLoader.findTemplateSource("commons/commons-variables_en.ftl"): Not found
27 Nov 2022 23:41:21,786-main--DEBUG-freemarker.cache:TemplateLoader.findTemplateSource("commons/commons-variables.ftl"): Found
27 Nov 2022 23:41:21,786-main--DEBUG-freemarker.cache:Loading template for "commons/commons-variables.ftl"("en_US", UTF-8, parsed) from "jar:file:/home/user/.m2/repository/com/aventstack/extentreports/5.0.9/extentreports-5.0.9.jar!/com/aventstack/extentreports/templates/commons/commons-variables.ftl"
27 Nov 2022 23:41:21,918-main--DEBUG-freemarker.cache:Couldn't find template in cache for "commons/commons-macros.ftl"("en_US", UTF-8, parsed); will try to load it.
27 Nov 2022 23:41:21,926-main--DEBUG-freemarker.cache:TemplateLoader.findTemplateSource("commons/commons-macros_en_US.ftl"): Not found
27 Nov 2022 23:41:21,926-main--DEBUG-freemarker.cache:TemplateLoader.findTemplateSource("commons/commons-macros_en.ftl"): Not found
27 Nov 2022 23:41:21,926-main--DEBUG-freemarker.cache:TemplateLoader.findTemplateSource("commons/commons-macros.ftl"): Found
27 Nov 2022 23:41:21,926-main--DEBUG-freemarker.cache:Loading template for "commons/commons-macros.ftl"("en_US", UTF-8, parsed) from "jar:file:/home/user/.m2/repository/com/aventstack/extentreports/5.0.9/extentreports-5.0.9.jar!/com/aventstack/extentreports/templates/commons/commons-macros.ftl"
27 Nov 2022 23:41:21,939-main--DEBUG-freemarker.cache:Couldn't find template in cache for "spark/macros/attributes.ftl"("en_US", UTF-8, parsed); will try to load it.
27 Nov 2022 23:41:21,939-main--DEBUG-freemarker.cache:TemplateLoader.findTemplateSource("spark/macros/attributes_en_US.ftl"): Not found
27 Nov 2022 23:41:21,940-main--DEBUG-freemarker.cache:TemplateLoader.findTemplateSource("spark/macros/attributes_en.ftl"): Not found
27 Nov 2022 23:41:21,944-main--DEBUG-freemarker.cache:TemplateLoader.findTemplateSource("spark/macros/attributes.ftl"): Found
27 Nov 2022 23:41:21,944-main--DEBUG-freemarker.cache:Loading template for "spark/macros/attributes.ftl"("en_US", UTF-8, parsed) from "jar:file:/home/user/.m2/repository/com/aventstack/extentreports/5.0.9/extentreports-5.0.9.jar!/com/aventstack/extentreports/templates/spark/macros/attributes.ftl"
27 Nov 2022 23:41:21,957-main--DEBUG-freemarker.cache:Couldn't find template in cache for "spark/macros/log.ftl"("en_US", UTF-8, parsed); will try to load it.
27 Nov 2022 23:41:21,958-main--DEBUG-freemarker.cache:TemplateLoader.findTemplateSource("spark/macros/log_en_US.ftl"): Not found
27 Nov 2022 23:41:21,958-main--DEBUG-freemarker.cache:TemplateLoader.findTemplateSource("spark/macros/log_en.ftl"): Not found
27 Nov 2022 23:41:21,958-main--DEBUG-freemarker.cache:TemplateLoader.findTemplateSource("spark/macros/log.ftl"): Found
27 Nov 2022 23:41:21,959-main--DEBUG-freemarker.cache:Loading template for "spark/macros/log.ftl"("en_US", UTF-8, parsed) from "jar:file:/home/user/.m2/repository/com/aventstack/extentreports/5.0.9/extentreports-5.0.9.jar!/com/aventstack/extentreports/templates/spark/macros/log.ftl"
27 Nov 2022 23:41:21,962-main--DEBUG-freemarker.cache:Couldn't find template in cache for "spark/macros/recurse_nodes.ftl"("en_US", UTF-8, parsed); will try to load it.
27 Nov 2022 23:41:21,964-main--DEBUG-freemarker.cache:TemplateLoader.findTemplateSource("spark/macros/recurse_nodes_en_US.ftl"): Not found
27 Nov 2022 23:41:21,966-main--DEBUG-freemarker.cache:TemplateLoader.findTemplateSource("spark/macros/recurse_nodes_en.ftl"): Not found
27 Nov 2022 23:41:21,966-main--DEBUG-freemarker.cache:TemplateLoader.findTemplateSource("spark/macros/recurse_nodes.ftl"): Found
27 Nov 2022 23:41:21,967-main--DEBUG-freemarker.cache:Loading template for "spark/macros/recurse_nodes.ftl"("en_US", UTF-8, parsed) from "jar:file:/home/user/.m2/repository/com/aventstack/extentreports/5.0.9/extentreports-5.0.9.jar!/com/aventstack/extentreports/templates/spark/macros/recurse_nodes.ftl"
27 Nov 2022 23:41:21,972-main--DEBUG-freemarker.cache:"spark/macros/log.ftl"("en_US", UTF-8, parsed) cached copy not yet stale; using cached.
27 Nov 2022 23:41:21,972-main--DEBUG-freemarker.cache:Couldn't find template in cache for "spark/macros/attr-common.ftl"("en_US", UTF-8, parsed); will try to load it.
27 Nov 2022 23:41:21,972-main--DEBUG-freemarker.cache:TemplateLoader.findTemplateSource("spark/macros/attr-common_en_US.ftl"): Not found
27 Nov 2022 23:41:21,973-main--DEBUG-freemarker.cache:TemplateLoader.findTemplateSource("spark/macros/attr-common_en.ftl"): Not found
27 Nov 2022 23:41:21,974-main--DEBUG-freemarker.cache:TemplateLoader.findTemplateSource("spark/macros/attr-common.ftl"): Found
27 Nov 2022 23:41:21,974-main--DEBUG-freemarker.cache:Loading template for "spark/macros/attr-common.ftl"("en_US", UTF-8, parsed) from "jar:file:/home/user/.m2/repository/com/aventstack/extentreports/5.0.9/extentreports-5.0.9.jar!/com/aventstack/extentreports/templates/spark/macros/attr-common.ftl"
27 Nov 2022 23:41:21,983-main--DEBUG-freemarker.cache:Couldn't find template in cache for "spark/partials/head.ftl"("en_US", UTF-8, parsed); will try to load it.
27 Nov 2022 23:41:21,984-main--DEBUG-freemarker.cache:TemplateLoader.findTemplateSource("spark/partials/head_en_US.ftl"): Not found
27 Nov 2022 23:41:21,984-main--DEBUG-freemarker.cache:TemplateLoader.findTemplateSource("spark/partials/head_en.ftl"): Not found
27 Nov 2022 23:41:21,985-main--DEBUG-freemarker.cache:TemplateLoader.findTemplateSource("spark/partials/head.ftl"): Found
27 Nov 2022 23:41:21,985-main--DEBUG-freemarker.cache:Loading template for "spark/partials/head.ftl"("en_US", UTF-8, parsed) from "jar:file:/home/user/.m2/repository/com/aventstack/extentreports/5.0.9/extentreports-5.0.9.jar!/com/aventstack/extentreports/templates/spark/partials/head.ftl"
27 Nov 2022 23:41:21,996-main--DEBUG-freemarker.cache:Couldn't find template in cache for "commons/commons-inject-css.ftl"("en_US", UTF-8, parsed); will try to load it.
27 Nov 2022 23:41:22,000-main--DEBUG-freemarker.cache:TemplateLoader.findTemplateSource("commons/commons-inject-css_en_US.ftl"): Not found
27 Nov 2022 23:41:22,000-main--DEBUG-freemarker.cache:TemplateLoader.findTemplateSource("commons/commons-inject-css_en.ftl"): Not found
27 Nov 2022 23:41:22,001-main--DEBUG-freemarker.cache:TemplateLoader.findTemplateSource("commons/commons-inject-css.ftl"): Found
27 Nov 2022 23:41:22,001-main--DEBUG-freemarker.cache:Loading template for "commons/commons-inject-css.ftl"("en_US", UTF-8, parsed) from "jar:file:/home/user/.m2/repository/com/aventstack/extentreports/5.0.9/extentreports-5.0.9.jar!/com/aventstack/extentreports/templates/commons/commons-inject-css.ftl"
27 Nov 2022 23:41:22,002-main--DEBUG-freemarker.cache:Couldn't find template in cache for "spark/partials/navbar.ftl"("en_US", UTF-8, parsed); will try to load it.
27 Nov 2022 23:41:22,003-main--DEBUG-freemarker.cache:TemplateLoader.findTemplateSource("spark/partials/navbar_en_US.ftl"): Not found
27 Nov 2022 23:41:22,004-main--DEBUG-freemarker.cache:TemplateLoader.findTemplateSource("spark/partials/navbar_en.ftl"): Not found
27 Nov 2022 23:41:22,004-main--DEBUG-freemarker.cache:TemplateLoader.findTemplateSource("spark/partials/navbar.ftl"): Found
27 Nov 2022 23:41:22,004-main--DEBUG-freemarker.cache:Loading template for "spark/partials/navbar.ftl"("en_US", UTF-8, parsed) from "jar:file:/home/user/.m2/repository/com/aventstack/extentreports/5.0.9/extentreports-5.0.9.jar!/com/aventstack/extentreports/templates/spark/partials/navbar.ftl"
27 Nov 2022 23:41:22,029-main--DEBUG-freemarker.cache:Couldn't find template in cache for "spark/partials/sidenav.ftl"("en_US", UTF-8, parsed); will try to load it.
27 Nov 2022 23:41:22,030-main--DEBUG-freemarker.cache:TemplateLoader.findTemplateSource("spark/partials/sidenav_en_US.ftl"): Not found
27 Nov 2022 23:41:22,030-main--DEBUG-freemarker.cache:TemplateLoader.findTemplateSource("spark/partials/sidenav_en.ftl"): Not found
27 Nov 2022 23:41:22,031-main--DEBUG-freemarker.cache:TemplateLoader.findTemplateSource("spark/partials/sidenav.ftl"): Found
27 Nov 2022 23:41:22,031-main--DEBUG-freemarker.cache:Loading template for "spark/partials/sidenav.ftl"("en_US", UTF-8, parsed) from "jar:file:/home/user/.m2/repository/com/aventstack/extentreports/5.0.9/extentreports-5.0.9.jar!/com/aventstack/extentreports/templates/spark/partials/sidenav.ftl"
27 Nov 2022 23:41:22,049-main--DEBUG-freemarker.cache:Couldn't find template in cache for "spark/partials/test.ftl"("en_US", UTF-8, parsed); will try to load it.
27 Nov 2022 23:41:22,049-main--DEBUG-freemarker.cache:TemplateLoader.findTemplateSource("spark/partials/test_en_US.ftl"): Not found
27 Nov 2022 23:41:22,050-main--DEBUG-freemarker.cache:TemplateLoader.findTemplateSource("spark/partials/test_en.ftl"): Not found
27 Nov 2022 23:41:22,050-main--DEBUG-freemarker.cache:TemplateLoader.findTemplateSource("spark/partials/test.ftl"): Found
27 Nov 2022 23:41:22,050-main--DEBUG-freemarker.cache:Loading template for "spark/partials/test.ftl"("en_US", UTF-8, parsed) from "jar:file:/home/user/.m2/repository/com/aventstack/extentreports/5.0.9/extentreports-5.0.9.jar!/com/aventstack/extentreports/templates/spark/partials/test.ftl"
27 Nov 2022 23:41:22,068-main--DEBUG-freemarker.cache:Couldn't find template in cache for "spark/partials/standard-content.ftl"("en_US", UTF-8, parsed); will try to load it.
27 Nov 2022 23:41:22,069-main--DEBUG-freemarker.cache:TemplateLoader.findTemplateSource("spark/partials/standard-content_en_US.ftl"): Not found
27 Nov 2022 23:41:22,070-main--DEBUG-freemarker.cache:TemplateLoader.findTemplateSource("spark/partials/standard-content_en.ftl"): Not found
27 Nov 2022 23:41:22,070-main--DEBUG-freemarker.cache:TemplateLoader.findTemplateSource("spark/partials/standard-content.ftl"): Found
27 Nov 2022 23:41:22,070-main--DEBUG-freemarker.cache:Loading template for "spark/partials/standard-content.ftl"("en_US", UTF-8, parsed) from "jar:file:/home/user/.m2/repository/com/aventstack/extentreports/5.0.9/extentreports-5.0.9.jar!/com/aventstack/extentreports/templates/spark/partials/standard-content.ftl"
27 Nov 2022 23:41:22,079-main--DEBUG-freemarker.cache:Couldn't find template in cache for "spark/partials/exception.ftl"("en_US", UTF-8, parsed); will try to load it.
27 Nov 2022 23:41:22,079-main--DEBUG-freemarker.cache:TemplateLoader.findTemplateSource("spark/partials/exception_en_US.ftl"): Not found
27 Nov 2022 23:41:22,080-main--DEBUG-freemarker.cache:TemplateLoader.findTemplateSource("spark/partials/exception_en.ftl"): Not found
27 Nov 2022 23:41:22,080-main--DEBUG-freemarker.cache:TemplateLoader.findTemplateSource("spark/partials/exception.ftl"): Found
27 Nov 2022 23:41:22,080-main--DEBUG-freemarker.cache:Loading template for "spark/partials/exception.ftl"("en_US", UTF-8, parsed) from "jar:file:/home/user/.m2/repository/com/aventstack/extentreports/5.0.9/extentreports-5.0.9.jar!/com/aventstack/extentreports/templates/spark/partials/exception.ftl"
27 Nov 2022 23:41:22,081-main--DEBUG-freemarker.cache:Couldn't find template in cache for "spark/partials/category.ftl"("en_US", UTF-8, parsed); will try to load it.
27 Nov 2022 23:41:22,081-main--DEBUG-freemarker.cache:TemplateLoader.findTemplateSource("spark/partials/category_en_US.ftl"): Not found
27 Nov 2022 23:41:22,082-main--DEBUG-freemarker.cache:TemplateLoader.findTemplateSource("spark/partials/category_en.ftl"): Not found
27 Nov 2022 23:41:22,082-main--DEBUG-freemarker.cache:TemplateLoader.findTemplateSource("spark/partials/category.ftl"): Found
27 Nov 2022 23:41:22,082-main--DEBUG-freemarker.cache:Loading template for "spark/partials/category.ftl"("en_US", UTF-8, parsed) from "jar:file:/home/user/.m2/repository/com/aventstack/extentreports/5.0.9/extentreports-5.0.9.jar!/com/aventstack/extentreports/templates/spark/partials/category.ftl"
27 Nov 2022 23:41:22,083-main--DEBUG-freemarker.cache:Couldn't find template in cache for "spark/partials/device.ftl"("en_US", UTF-8, parsed); will try to load it.
27 Nov 2022 23:41:22,084-main--DEBUG-freemarker.cache:TemplateLoader.findTemplateSource("spark/partials/device_en_US.ftl"): Not found
27 Nov 2022 23:41:22,084-main--DEBUG-freemarker.cache:TemplateLoader.findTemplateSource("spark/partials/device_en.ftl"): Not found
27 Nov 2022 23:41:22,084-main--DEBUG-freemarker.cache:TemplateLoader.findTemplateSource("spark/partials/device.ftl"): Found
27 Nov 2022 23:41:22,084-main--DEBUG-freemarker.cache:Loading template for "spark/partials/device.ftl"("en_US", UTF-8, parsed) from "jar:file:/home/user/.m2/repository/com/aventstack/extentreports/5.0.9/extentreports-5.0.9.jar!/com/aventstack/extentreports/templates/spark/partials/device.ftl"
27 Nov 2022 23:41:22,086-main--DEBUG-freemarker.cache:Couldn't find template in cache for "spark/partials/author.ftl"("en_US", UTF-8, parsed); will try to load it.
27 Nov 2022 23:41:22,086-main--DEBUG-freemarker.cache:TemplateLoader.findTemplateSource("spark/partials/author_en_US.ftl"): Not found
27 Nov 2022 23:41:22,087-main--DEBUG-freemarker.cache:TemplateLoader.findTemplateSource("spark/partials/author_en.ftl"): Not found
27 Nov 2022 23:41:22,087-main--DEBUG-freemarker.cache:TemplateLoader.findTemplateSource("spark/partials/author.ftl"): Found
27 Nov 2022 23:41:22,087-main--DEBUG-freemarker.cache:Loading template for "spark/partials/author.ftl"("en_US", UTF-8, parsed) from "jar:file:/home/user/.m2/repository/com/aventstack/extentreports/5.0.9/extentreports-5.0.9.jar!/com/aventstack/extentreports/templates/spark/partials/author.ftl"
27 Nov 2022 23:41:22,088-main--DEBUG-freemarker.cache:Couldn't find template in cache for "spark/partials/log.ftl"("en_US", UTF-8, parsed); will try to load it.
27 Nov 2022 23:41:22,089-main--DEBUG-freemarker.cache:TemplateLoader.findTemplateSource("spark/partials/log_en_US.ftl"): Not found
27 Nov 2022 23:41:22,089-main--DEBUG-freemarker.cache:TemplateLoader.findTemplateSource("spark/partials/log_en.ftl"): Not found
27 Nov 2022 23:41:22,090-main--DEBUG-freemarker.cache:TemplateLoader.findTemplateSource("spark/partials/log.ftl"): Found
27 Nov 2022 23:41:22,090-main--DEBUG-freemarker.cache:Loading template for "spark/partials/log.ftl"("en_US", UTF-8, parsed) from "jar:file:/home/user/.m2/repository/com/aventstack/extentreports/5.0.9/extentreports-5.0.9.jar!/com/aventstack/extentreports/templates/spark/partials/log.ftl"
27 Nov 2022 23:41:22,091-main--DEBUG-freemarker.cache:Couldn't find template in cache for "spark/partials/dashboard.ftl"("en_US", UTF-8, parsed); will try to load it.
27 Nov 2022 23:41:22,092-main--DEBUG-freemarker.cache:TemplateLoader.findTemplateSource("spark/partials/dashboard_en_US.ftl"): Not found
27 Nov 2022 23:41:22,092-main--DEBUG-freemarker.cache:TemplateLoader.findTemplateSource("spark/partials/dashboard_en.ftl"): Not found
27 Nov 2022 23:41:22,092-main--DEBUG-freemarker.cache:TemplateLoader.findTemplateSource("spark/partials/dashboard.ftl"): Found
27 Nov 2022 23:41:22,092-main--DEBUG-freemarker.cache:Loading template for "spark/partials/dashboard.ftl"("en_US", UTF-8, parsed) from "jar:file:/home/user/.m2/repository/com/aventstack/extentreports/5.0.9/extentreports-5.0.9.jar!/com/aventstack/extentreports/templates/spark/partials/dashboard.ftl"
27 Nov 2022 23:41:22,146-main--DEBUG-freemarker.cache:Couldn't find template in cache for "spark/partials/scripts.ftl"("en_US", UTF-8, parsed); will try to load it.
27 Nov 2022 23:41:22,146-main--DEBUG-freemarker.cache:TemplateLoader.findTemplateSource("spark/partials/scripts_en_US.ftl"): Not found
27 Nov 2022 23:41:22,147-main--DEBUG-freemarker.cache:TemplateLoader.findTemplateSource("spark/partials/scripts_en.ftl"): Not found
27 Nov 2022 23:41:22,147-main--DEBUG-freemarker.cache:TemplateLoader.findTemplateSource("spark/partials/scripts.ftl"): Found
27 Nov 2022 23:41:22,147-main--DEBUG-freemarker.cache:Loading template for "spark/partials/scripts.ftl"("en_US", UTF-8, parsed) from "jar:file:/home/user/.m2/repository/com/aventstack/extentreports/5.0.9/extentreports-5.0.9.jar!/com/aventstack/extentreports/templates/spark/partials/scripts.ftl"
27 Nov 2022 23:41:22,148-main--DEBUG-freemarker.cache:Couldn't find template in cache for "commons/commons-inject-js.ftl"("en_US", UTF-8, parsed); will try to load it.
27 Nov 2022 23:41:22,148-main--DEBUG-freemarker.cache:TemplateLoader.findTemplateSource("commons/commons-inject-js_en_US.ftl"): Not found
27 Nov 2022 23:41:22,149-main--DEBUG-freemarker.cache:TemplateLoader.findTemplateSource("commons/commons-inject-js_en.ftl"): Not found
27 Nov 2022 23:41:22,149-main--DEBUG-freemarker.cache:TemplateLoader.findTemplateSource("commons/commons-inject-js.ftl"): Found
27 Nov 2022 23:41:22,149-main--DEBUG-freemarker.cache:Loading template for "commons/commons-inject-js.ftl"("en_US", UTF-8, parsed) from "jar:file:/home/user/.m2/repository/com/aventstack/extentreports/5.0.9/extentreports-5.0.9.jar!/com/aventstack/extentreports/templates/commons/commons-inject-js.ftl"
27 Nov 2022 23:43:00,162-main--DEBUG-freemarker.cache:Couldn't find template in cache for "spark/spark.spa.ftl"("en_US", UTF-8, parsed); will try to load it.
27 Nov 2022 23:43:00,164-main--DEBUG-freemarker.cache:TemplateLoader.findTemplateSource("spark/spark.spa_en_US.ftl"): Not found
27 Nov 2022 23:43:00,166-main--DEBUG-freemarker.cache:TemplateLoader.findTemplateSource("spark/spark.spa_en.ftl"): Not found
27 Nov 2022 23:43:00,167-main--DEBUG-freemarker.cache:TemplateLoader.findTemplateSource("spark/spark.spa.ftl"): Found
27 Nov 2022 23:43:00,167-main--DEBUG-freemarker.cache:Loading template for "spark/spark.spa.ftl"("en_US", UTF-8, parsed) from "jar:file:/home/user/.m2/repository/com/aventstack/extentreports/5.0.9/extentreports-5.0.9.jar!/com/aventstack/extentreports/templates/spark/spark.spa.ftl"
27 Nov 2022 23:43:00,258-main--DEBUG-freemarker.cache:Couldn't find template in cache for "commons/commons-variables.ftl"("en_US", UTF-8, parsed); will try to load it.
27 Nov 2022 23:43:00,259-main--DEBUG-freemarker.cache:TemplateLoader.findTemplateSource("commons/commons-variables_en_US.ftl"): Not found
27 Nov 2022 23:43:00,260-main--DEBUG-freemarker.cache:TemplateLoader.findTemplateSource("commons/commons-variables_en.ftl"): Not found
27 Nov 2022 23:43:00,260-main--DEBUG-freemarker.cache:TemplateLoader.findTemplateSource("commons/commons-variables.ftl"): Found
27 Nov 2022 23:43:00,260-main--DEBUG-freemarker.cache:Loading template for "commons/commons-variables.ftl"("en_US", UTF-8, parsed) from "jar:file:/home/user/.m2/repository/com/aventstack/extentreports/5.0.9/extentreports-5.0.9.jar!/com/aventstack/extentreports/templates/commons/commons-variables.ftl"
27 Nov 2022 23:43:00,404-main--DEBUG-freemarker.cache:Couldn't find template in cache for "commons/commons-macros.ftl"("en_US", UTF-8, parsed); will try to load it.
27 Nov 2022 23:43:00,405-main--DEBUG-freemarker.cache:TemplateLoader.findTemplateSource("commons/commons-macros_en_US.ftl"): Not found
27 Nov 2022 23:43:00,405-main--DEBUG-freemarker.cache:TemplateLoader.findTemplateSource("commons/commons-macros_en.ftl"): Not found
27 Nov 2022 23:43:00,406-main--DEBUG-freemarker.cache:TemplateLoader.findTemplateSource("commons/commons-macros.ftl"): Found
27 Nov 2022 23:43:00,406-main--DEBUG-freemarker.cache:Loading template for "commons/commons-macros.ftl"("en_US", UTF-8, parsed) from "jar:file:/home/user/.m2/repository/com/aventstack/extentreports/5.0.9/extentreports-5.0.9.jar!/com/aventstack/extentreports/templates/commons/commons-macros.ftl"
27 Nov 2022 23:43:00,419-main--DEBUG-freemarker.cache:Couldn't find template in cache for "spark/macros/attributes.ftl"("en_US", UTF-8, parsed); will try to load it.
27 Nov 2022 23:43:00,420-main--DEBUG-freemarker.cache:TemplateLoader.findTemplateSource("spark/macros/attributes_en_US.ftl"): Not found
27 Nov 2022 23:43:00,420-main--DEBUG-freemarker.cache:TemplateLoader.findTemplateSource("spark/macros/attributes_en.ftl"): Not found
27 Nov 2022 23:43:00,421-main--DEBUG-freemarker.cache:TemplateLoader.findTemplateSource("spark/macros/attributes.ftl"): Found
27 Nov 2022 23:43:00,421-main--DEBUG-freemarker.cache:Loading template for "spark/macros/attributes.ftl"("en_US", UTF-8, parsed) from "jar:file:/home/user/.m2/repository/com/aventstack/extentreports/5.0.9/extentreports-5.0.9.jar!/com/aventstack/extentreports/templates/spark/macros/attributes.ftl"
27 Nov 2022 23:43:00,423-main--DEBUG-freemarker.cache:Couldn't find template in cache for "spark/macros/log.ftl"("en_US", UTF-8, parsed); will try to load it.
27 Nov 2022 23:43:00,424-main--DEBUG-freemarker.cache:TemplateLoader.findTemplateSource("spark/macros/log_en_US.ftl"): Not found
27 Nov 2022 23:43:00,424-main--DEBUG-freemarker.cache:TemplateLoader.findTemplateSource("spark/macros/log_en.ftl"): Not found
27 Nov 2022 23:43:00,425-main--DEBUG-freemarker.cache:TemplateLoader.findTemplateSource("spark/macros/log.ftl"): Found
27 Nov 2022 23:43:00,425-main--DEBUG-freemarker.cache:Loading template for "spark/macros/log.ftl"("en_US", UTF-8, parsed) from "jar:file:/home/user/.m2/repository/com/aventstack/extentreports/5.0.9/extentreports-5.0.9.jar!/com/aventstack/extentreports/templates/spark/macros/log.ftl"
27 Nov 2022 23:43:00,427-main--DEBUG-freemarker.cache:Couldn't find template in cache for "spark/macros/recurse_nodes.ftl"("en_US", UTF-8, parsed); will try to load it.
27 Nov 2022 23:43:00,428-main--DEBUG-freemarker.cache:TemplateLoader.findTemplateSource("spark/macros/recurse_nodes_en_US.ftl"): Not found
27 Nov 2022 23:43:00,428-main--DEBUG-freemarker.cache:TemplateLoader.findTemplateSource("spark/macros/recurse_nodes_en.ftl"): Not found
27 Nov 2022 23:43:00,429-main--DEBUG-freemarker.cache:TemplateLoader.findTemplateSource("spark/macros/recurse_nodes.ftl"): Found
27 Nov 2022 23:43:00,429-main--DEBUG-freemarker.cache:Loading template for "spark/macros/recurse_nodes.ftl"("en_US", UTF-8, parsed) from "jar:file:/home/user/.m2/repository/com/aventstack/extentreports/5.0.9/extentreports-5.0.9.jar!/com/aventstack/extentreports/templates/spark/macros/recurse_nodes.ftl"
27 Nov 2022 23:43:00,434-main--DEBUG-freemarker.cache:"spark/macros/log.ftl"("en_US", UTF-8, parsed) cached copy not yet stale; using cached.
27 Nov 2022 23:43:00,434-main--DEBUG-freemarker.cache:Couldn't find template in cache for "spark/macros/attr-common.ftl"("en_US", UTF-8, parsed); will try to load it.
27 Nov 2022 23:43:00,435-main--DEBUG-freemarker.cache:TemplateLoader.findTemplateSource("spark/macros/attr-common_en_US.ftl"): Not found
27 Nov 2022 23:43:00,435-main--DEBUG-freemarker.cache:TemplateLoader.findTemplateSource("spark/macros/attr-common_en.ftl"): Not found
27 Nov 2022 23:43:00,436-main--DEBUG-freemarker.cache:TemplateLoader.findTemplateSource("spark/macros/attr-common.ftl"): Found
27 Nov 2022 23:43:00,436-main--DEBUG-freemarker.cache:Loading template for "spark/macros/attr-common.ftl"("en_US", UTF-8, parsed) from "jar:file:/home/user/.m2/repository/com/aventstack/extentreports/5.0.9/extentreports-5.0.9.jar!/com/aventstack/extentreports/templates/spark/macros/attr-common.ftl"
27 Nov 2022 23:43:00,445-main--DEBUG-freemarker.cache:Couldn't find template in cache for "spark/partials/head.ftl"("en_US", UTF-8, parsed); will try to load it.
27 Nov 2022 23:43:00,445-main--DEBUG-freemarker.cache:TemplateLoader.findTemplateSource("spark/partials/head_en_US.ftl"): Not found
27 Nov 2022 23:43:00,446-main--DEBUG-freemarker.cache:TemplateLoader.findTemplateSource("spark/partials/head_en.ftl"): Not found
27 Nov 2022 23:43:00,446-main--DEBUG-freemarker.cache:TemplateLoader.findTemplateSource("spark/partials/head.ftl"): Found
27 Nov 2022 23:43:00,446-main--DEBUG-freemarker.cache:Loading template for "spark/partials/head.ftl"("en_US", UTF-8, parsed) from "jar:file:/home/user/.m2/repository/com/aventstack/extentreports/5.0.9/extentreports-5.0.9.jar!/com/aventstack/extentreports/templates/spark/partials/head.ftl"
27 Nov 2022 23:43:00,450-main--DEBUG-freemarker.cache:Couldn't find template in cache for "commons/commons-inject-css.ftl"("en_US", UTF-8, parsed); will try to load it.
27 Nov 2022 23:43:00,451-main--DEBUG-freemarker.cache:TemplateLoader.findTemplateSource("commons/commons-inject-css_en_US.ftl"): Not found
27 Nov 2022 23:43:00,451-main--DEBUG-freemarker.cache:TemplateLoader.findTemplateSource("commons/commons-inject-css_en.ftl"): Not found
27 Nov 2022 23:43:00,452-main--DEBUG-freemarker.cache:TemplateLoader.findTemplateSource("commons/commons-inject-css.ftl"): Found
27 Nov 2022 23:43:00,452-main--DEBUG-freemarker.cache:Loading template for "commons/commons-inject-css.ftl"("en_US", UTF-8, parsed) from "jar:file:/home/user/.m2/repository/com/aventstack/extentreports/5.0.9/extentreports-5.0.9.jar!/com/aventstack/extentreports/templates/commons/commons-inject-css.ftl"
27 Nov 2022 23:43:00,453-main--DEBUG-freemarker.cache:Couldn't find template in cache for "spark/partials/navbar.ftl"("en_US", UTF-8, parsed); will try to load it.
27 Nov 2022 23:43:00,453-main--DEBUG-freemarker.cache:TemplateLoader.findTemplateSource("spark/partials/navbar_en_US.ftl"): Not found
27 Nov 2022 23:43:00,454-main--DEBUG-freemarker.cache:TemplateLoader.findTemplateSource("spark/partials/navbar_en.ftl"): Not found
27 Nov 2022 23:43:00,454-main--DEBUG-freemarker.cache:TemplateLoader.findTemplateSource("spark/partials/navbar.ftl"): Found
27 Nov 2022 23:43:00,454-main--DEBUG-freemarker.cache:Loading template for "spark/partials/navbar.ftl"("en_US", UTF-8, parsed) from "jar:file:/home/user/.m2/repository/com/aventstack/extentreports/5.0.9/extentreports-5.0.9.jar!/com/aventstack/extentreports/templates/spark/partials/navbar.ftl"
27 Nov 2022 23:43:00,463-main--DEBUG-freemarker.cache:Couldn't find template in cache for "spark/partials/sidenav.ftl"("en_US", UTF-8, parsed); will try to load it.
27 Nov 2022 23:43:00,464-main--DEBUG-freemarker.cache:TemplateLoader.findTemplateSource("spark/partials/sidenav_en_US.ftl"): Not found
27 Nov 2022 23:43:00,464-main--DEBUG-freemarker.cache:TemplateLoader.findTemplateSource("spark/partials/sidenav_en.ftl"): Not found
27 Nov 2022 23:43:00,464-main--DEBUG-freemarker.cache:TemplateLoader.findTemplateSource("spark/partials/sidenav.ftl"): Found
27 Nov 2022 23:43:00,464-main--DEBUG-freemarker.cache:Loading template for "spark/partials/sidenav.ftl"("en_US", UTF-8, parsed) from "jar:file:/home/user/.m2/repository/com/aventstack/extentreports/5.0.9/extentreports-5.0.9.jar!/com/aventstack/extentreports/templates/spark/partials/sidenav.ftl"
27 Nov 2022 23:43:00,481-main--DEBUG-freemarker.cache:Couldn't find template in cache for "spark/partials/test.ftl"("en_US", UTF-8, parsed); will try to load it.
27 Nov 2022 23:43:00,483-main--DEBUG-freemarker.cache:TemplateLoader.findTemplateSource("spark/partials/test_en_US.ftl"): Not found
27 Nov 2022 23:43:00,484-main--DEBUG-freemarker.cache:TemplateLoader.findTemplateSource("spark/partials/test_en.ftl"): Not found
27 Nov 2022 23:43:00,485-main--DEBUG-freemarker.cache:TemplateLoader.findTemplateSource("spark/partials/test.ftl"): Found
27 Nov 2022 23:43:00,485-main--DEBUG-freemarker.cache:Loading template for "spark/partials/test.ftl"("en_US", UTF-8, parsed) from "jar:file:/home/user/.m2/repository/com/aventstack/extentreports/5.0.9/extentreports-5.0.9.jar!/com/aventstack/extentreports/templates/spark/partials/test.ftl"
27 Nov 2022 23:43:00,501-main--DEBUG-freemarker.cache:Couldn't find template in cache for "spark/partials/standard-content.ftl"("en_US", UTF-8, parsed); will try to load it.
27 Nov 2022 23:43:00,502-main--DEBUG-freemarker.cache:TemplateLoader.findTemplateSource("spark/partials/standard-content_en_US.ftl"): Not found
27 Nov 2022 23:43:00,502-main--DEBUG-freemarker.cache:TemplateLoader.findTemplateSource("spark/partials/standard-content_en.ftl"): Not found
27 Nov 2022 23:43:00,503-main--DEBUG-freemarker.cache:TemplateLoader.findTemplateSource("spark/partials/standard-content.ftl"): Found
27 Nov 2022 23:43:00,503-main--DEBUG-freemarker.cache:Loading template for "spark/partials/standard-content.ftl"("en_US", UTF-8, parsed) from "jar:file:/home/user/.m2/repository/com/aventstack/extentreports/5.0.9/extentreports-5.0.9.jar!/com/aventstack/extentreports/templates/spark/partials/standard-content.ftl"
27 Nov 2022 23:43:00,512-main--DEBUG-freemarker.cache:Couldn't find template in cache for "spark/partials/exception.ftl"("en_US", UTF-8, parsed); will try to load it.
27 Nov 2022 23:43:00,513-main--DEBUG-freemarker.cache:TemplateLoader.findTemplateSource("spark/partials/exception_en_US.ftl"): Not found
27 Nov 2022 23:43:00,513-main--DEBUG-freemarker.cache:TemplateLoader.findTemplateSource("spark/partials/exception_en.ftl"): Not found
27 Nov 2022 23:43:00,514-main--DEBUG-freemarker.cache:TemplateLoader.findTemplateSource("spark/partials/exception.ftl"): Found
27 Nov 2022 23:43:00,514-main--DEBUG-freemarker.cache:Loading template for "spark/partials/exception.ftl"("en_US", UTF-8, parsed) from "jar:file:/home/user/.m2/repository/com/aventstack/extentreports/5.0.9/extentreports-5.0.9.jar!/com/aventstack/extentreports/templates/spark/partials/exception.ftl"
27 Nov 2022 23:43:00,515-main--DEBUG-freemarker.cache:Couldn't find template in cache for "spark/partials/category.ftl"("en_US", UTF-8, parsed); will try to load it.
27 Nov 2022 23:43:00,516-main--DEBUG-freemarker.cache:TemplateLoader.findTemplateSource("spark/partials/category_en_US.ftl"): Not found
27 Nov 2022 23:43:00,516-main--DEBUG-freemarker.cache:TemplateLoader.findTemplateSource("spark/partials/category_en.ftl"): Not found
27 Nov 2022 23:43:00,517-main--DEBUG-freemarker.cache:TemplateLoader.findTemplateSource("spark/partials/category.ftl"): Found
27 Nov 2022 23:43:00,517-main--DEBUG-freemarker.cache:Loading template for "spark/partials/category.ftl"("en_US", UTF-8, parsed) from "jar:file:/home/user/.m2/repository/com/aventstack/extentreports/5.0.9/extentreports-5.0.9.jar!/com/aventstack/extentreports/templates/spark/partials/category.ftl"
27 Nov 2022 23:43:00,518-main--DEBUG-freemarker.cache:Couldn't find template in cache for "spark/partials/device.ftl"("en_US", UTF-8, parsed); will try to load it.
27 Nov 2022 23:43:00,519-main--DEBUG-freemarker.cache:TemplateLoader.findTemplateSource("spark/partials/device_en_US.ftl"): Not found
27 Nov 2022 23:43:00,519-main--DEBUG-freemarker.cache:TemplateLoader.findTemplateSource("spark/partials/device_en.ftl"): Not found
27 Nov 2022 23:43:00,519-main--DEBUG-freemarker.cache:TemplateLoader.findTemplateSource("spark/partials/device.ftl"): Found
27 Nov 2022 23:43:00,520-main--DEBUG-freemarker.cache:Loading template for "spark/partials/device.ftl"("en_US", UTF-8, parsed) from "jar:file:/home/user/.m2/repository/com/aventstack/extentreports/5.0.9/extentreports-5.0.9.jar!/com/aventstack/extentreports/templates/spark/partials/device.ftl"
27 Nov 2022 23:43:00,521-main--DEBUG-freemarker.cache:Couldn't find template in cache for "spark/partials/author.ftl"("en_US", UTF-8, parsed); will try to load it.
27 Nov 2022 23:43:00,521-main--DEBUG-freemarker.cache:TemplateLoader.findTemplateSource("spark/partials/author_en_US.ftl"): Not found
27 Nov 2022 23:43:00,522-main--DEBUG-freemarker.cache:TemplateLoader.findTemplateSource("spark/partials/author_en.ftl"): Not found
27 Nov 2022 23:43:00,522-main--DEBUG-freemarker.cache:TemplateLoader.findTemplateSource("spark/partials/author.ftl"): Found
27 Nov 2022 23:43:00,523-main--DEBUG-freemarker.cache:Loading template for "spark/partials/author.ftl"("en_US", UTF-8, parsed) from "jar:file:/home/user/.m2/repository/com/aventstack/extentreports/5.0.9/extentreports-5.0.9.jar!/com/aventstack/extentreports/templates/spark/partials/author.ftl"
27 Nov 2022 23:43:00,524-main--DEBUG-freemarker.cache:Couldn't find template in cache for "spark/partials/log.ftl"("en_US", UTF-8, parsed); will try to load it.
27 Nov 2022 23:43:00,524-main--DEBUG-freemarker.cache:TemplateLoader.findTemplateSource("spark/partials/log_en_US.ftl"): Not found
27 Nov 2022 23:43:00,524-main--DEBUG-freemarker.cache:TemplateLoader.findTemplateSource("spark/partials/log_en.ftl"): Not found
27 Nov 2022 23:43:00,525-main--DEBUG-freemarker.cache:TemplateLoader.findTemplateSource("spark/partials/log.ftl"): Found
27 Nov 2022 23:43:00,525-main--DEBUG-freemarker.cache:Loading template for "spark/partials/log.ftl"("en_US", UTF-8, parsed) from "jar:file:/home/user/.m2/repository/com/aventstack/extentreports/5.0.9/extentreports-5.0.9.jar!/com/aventstack/extentreports/templates/spark/partials/log.ftl"
27 Nov 2022 23:43:00,527-main--DEBUG-freemarker.cache:Couldn't find template in cache for "spark/partials/dashboard.ftl"("en_US", UTF-8, parsed); will try to load it.
27 Nov 2022 23:43:00,527-main--DEBUG-freemarker.cache:TemplateLoader.findTemplateSource("spark/partials/dashboard_en_US.ftl"): Not found
27 Nov 2022 23:43:00,528-main--DEBUG-freemarker.cache:TemplateLoader.findTemplateSource("spark/partials/dashboard_en.ftl"): Not found
27 Nov 2022 23:43:00,528-main--DEBUG-freemarker.cache:TemplateLoader.findTemplateSource("spark/partials/dashboard.ftl"): Found
27 Nov 2022 23:43:00,528-main--DEBUG-freemarker.cache:Loading template for "spark/partials/dashboard.ftl"("en_US", UTF-8, parsed) from "jar:file:/home/user/.m2/repository/com/aventstack/extentreports/5.0.9/extentreports-5.0.9.jar!/com/aventstack/extentreports/templates/spark/partials/dashboard.ftl"
27 Nov 2022 23:43:00,570-main--DEBUG-freemarker.cache:Couldn't find template in cache for "spark/partials/scripts.ftl"("en_US", UTF-8, parsed); will try to load it.
27 Nov 2022 23:43:00,571-main--DEBUG-freemarker.cache:TemplateLoader.findTemplateSource("spark/partials/scripts_en_US.ftl"): Not found
27 Nov 2022 23:43:00,572-main--DEBUG-freemarker.cache:TemplateLoader.findTemplateSource("spark/partials/scripts_en.ftl"): Not found
27 Nov 2022 23:43:00,572-main--DEBUG-freemarker.cache:TemplateLoader.findTemplateSource("spark/partials/scripts.ftl"): Found
27 Nov 2022 23:43:00,572-main--DEBUG-freemarker.cache:Loading template for "spark/partials/scripts.ftl"("en_US", UTF-8, parsed) from "jar:file:/home/user/.m2/repository/com/aventstack/extentreports/5.0.9/extentreports-5.0.9.jar!/com/aventstack/extentreports/templates/spark/partials/scripts.ftl"
27 Nov 2022 23:43:00,574-main--DEBUG-freemarker.cache:Couldn't find template in cache for "commons/commons-inject-js.ftl"("en_US", UTF-8, parsed); will try to load it.
27 Nov 2022 23:43:00,574-main--DEBUG-freemarker.cache:TemplateLoader.findTemplateSource("commons/commons-inject-js_en_US.ftl"): Not found
27 Nov 2022 23:43:00,575-main--DEBUG-freemarker.cache:TemplateLoader.findTemplateSource("commons/commons-inject-js_en.ftl"): Not found
27 Nov 2022 23:43:00,575-main--DEBUG-freemarker.cache:TemplateLoader.findTemplateSource("commons/commons-inject-js.ftl"): Found
27 Nov 2022 23:43:00,575-main--DEBUG-freemarker.cache:Loading template for "commons/commons-inject-js.ftl"("en_US", UTF-8, parsed) from "jar:file:/home/user/.m2/repository/com/aventstack/extentreports/5.0.9/extentreports-5.0.9.jar!/com/aventstack/extentreports/templates/commons/commons-inject-js.ftl"
